app/build/outputs/logs/manifest-merger-debug-report.txt
-- Merging decision tree log ---
manifest
ADDED from src/main/AndroidManifest.xml:2:1-58:12
INJECTED from src/main/AndroidManifest.xml:2:1-58:12
INJECTED from src/main/AndroidManifest.xml:2:1-58:12
INJECTED from src/main/AndroidManifest.xml:2:1-58:12
MERGED from [com.android.support:design:28.0.0] AndroidManifest.xml:17:1-24:12
MERGED from [com.android.support:appcompat-v7:28.0.0] AndroidManifest.xml:17:1-22:12
MERGED from [com.android.support.constraint:constraint-layout:1.1.3] AndroidManifest.xml:2:1-11:12
MERGED from [com.github.bumptech.glide:glide:4.9.0] AndroidManifest.xml:2:1-12:12
MERGED from [com.android.support:cardview-v7:28.0.0] AndroidManifest.xml:17:1-22:12
MERGED from [com.android.support:recyclerview-v7:28.0.0] AndroidManifest.xml:17:1-22:12
MERGED from [com.android.support:support-v4:28.0.0] AndroidManifest.xml:17:1-22:12
MERGED from [com.android.support:support-fragment:28.0.0] AndroidManifest.xml:17:1-22:12
MERGED from [com.android.support:animated-vector-drawable:28.0.0] AndroidManifest.xml:17:1-22:12
MERGED from [com.android.support:support-core-ui:28.0.0] AndroidManifest.xml:17:1-22:12
MERGED from [com.android.support:support-core-utils:28.0.0] AndroidManifest.xml:17:1-22:12
MERGED from [com.android.support:support-vector-drawable:28.0.0] AndroidManifest.xml:17:1-22:12
MERGED from [com.android.support:transition:28.0.0] AndroidManifest.xml:17:1-22:12
MERGED from [com.android.support:support-media-compat:28.0.0] AndroidManifest.xml:17:1-22:12
MERGED from [com.android.support:loader:28.0.0] AndroidManifest.xml:17:1-22:12
MERGED from [com.android.support:viewpager:28.0.0] AndroidManifest.xml:17:1-22:12
MERGED from [com.android.support:coordinatorlayout:28.0.0] AndroidManifest.xml:17:1-22:12
MERGED from [com.android.support:drawerlayout:28.0.0] AndroidManifest.xml:17:1-22:12
MERGED from [com.android.support:slidingpanelayout:28.0.0] AndroidManifest.xml:17:1-22:12
MERGED from [com.android.support:customview:28.0.0] AndroidManifest.xml:17:1-22:12
MERGED from [com.android.support:swiperefreshlayout:28.0.0] AndroidManifest.xml:17:1-22:12
MERGED from [com.android.support:asynclayoutinflater:28.0.0] AndroidManifest.xml:17:1-22:12
MERGED from [com.android.support:support-compat:28.0.0] AndroidManifest.xml:17:1-24:12
MERGED from [com.android.support:versionedparcelable:28.0.0] AndroidManifest.xml:17:1-25:12
MERGED from [com.android.support:cursoradapter:28.0.0] AndroidManifest.xml:17:1-22:12
MERGED from [com.github.bumptech.glide:gifdecoder:4.9.0] AndroidManifest.xml:2:1-11:12
MERGED from [android.arch.lifecycle:runtime:1.1.1] AndroidManifest.xml:17:1-22:12
MERGED from [com.android.support:documentfile:28.0.0] AndroidManifest.xml:17:1-22:12
MERGED from [com.android.support:localbroadcastmanager:28.0.0] AndroidManifest.xml:17:1-22:12
MERGED from [com.android.support:print:28.0.0] AndroidManifest.xml:17:1-22:12
MERGED from [android.arch.lifecycle:viewmodel:1.1.1] AndroidManifest.xml:17:1-22:12
MERGED from [com.android.support:interpolator:28.0.0] AndroidManifest.xml:17:1-22:12
MERGED from [android.arch.lifecycle:livedata:1.1.1] AndroidManifest.xml:17:1-22:12
MERGED from [android.arch.lifecycle:livedata-core:1.1.1] AndroidManifest.xml:17:1-22:12
MERGED from [android.arch.core:runtime:1.1.1] AndroidManifest.xml:17:1-22:12
INJECTED from src/main/AndroidManifest.xml:2:1-58:12
INJECTED from src/main/AndroidManifest.xml:2:1-58:12
INJECTED from src/main/AndroidManifest.xml:2:1-58:12
	package
		ADDED from src/main/AndroidManifest.xml:3:5-46
		INJECTED from src/main/AndroidManifest.xml
		INJECTED from src/main/AndroidManifest.xml
	android:versionName
		INJECTED from src/main/AndroidManifest.xml
		ADDED from src/main/AndroidManifest.xml:2:1-58:12
		INJECTED from src/main/AndroidManifest.xml
	android:versionCode
		INJECTED from src/main/AndroidManifest.xml
		ADDED from src/main/AndroidManifest.xml:2:1-58:12
		INJECTED from src/main/AndroidManifest.xml
	xmlns:android
		ADDED from src/main/AndroidManifest.xml:2:11-69
uses-permission#android.permission.INTERNET
ADDED from src/main/AndroidManifest.xml:5:5-67
	android:name
		ADDED from src/main/AndroidManifest.xml:5:22-64
uses-permission#android.permission.ACCESS_WIFI_STATE
ADDED from src/main/AndroidManifest.xml:6:5-76
	android:name
		ADDED from src/main/AndroidManifest.xml:6:22-73
application
ADDED from src/main/AndroidManifest.xml:8:5-56:19
MERGED from [com.android.support:design:28.0.0] AndroidManifest.xml:22:5-20
MERGED from [com.android.support:design:28.0.0] AndroidManifest.xml:22:5-20
MERGED from [com.android.support.constraint:constraint-layout:1.1.3] AndroidManifest.xml:9:5-20
MERGED from [com.android.support.constraint:constraint-layout:1.1.3] AndroidManifest.xml:9:5-20
MERGED from [com.github.bumptech.glide:glide:4.9.0] AndroidManifest.xml:10:5-20
MERGED from [com.github.bumptech.glide:glide:4.9.0] AndroidManifest.xml:10:5-20
MERGED from [com.android.support:support-compat:28.0.0] AndroidManifest.xml:22:5-94
MERGED from [com.android.support:support-compat:28.0.0] AndroidManifest.xml:22:5-94
MERGED from [com.android.support:versionedparcelable:28.0.0] AndroidManifest.xml:22:5-23:19
MERGED from [com.android.support:versionedparcelable:28.0.0] AndroidManifest.xml:22:5-23:19
MERGED from [com.github.bumptech.glide:gifdecoder:4.9.0] AndroidManifest.xml:9:5-20
MERGED from [com.github.bumptech.glide:gifdecoder:4.9.0] AndroidManifest.xml:9:5-20
	android:appComponentFactory
		ADDED from [com.android.support:support-compat:28.0.0] AndroidManifest.xml:22:18-91
	android:supportsRtl
		ADDED from src/main/AndroidManifest.xml:13:9-35
	android:label
		ADDED from src/main/AndroidManifest.xml:11:9-41
	android:roundIcon
		ADDED from src/main/AndroidManifest.xml:12:9-59
	android:icon
		ADDED from src/main/AndroidManifest.xml:10:9-54
	android:allowBackup
		ADDED from src/main/AndroidManifest.xml:9:9-35
	android:theme
		ADDED from src/main/AndroidManifest.xml:14:9-40
activity#com.demo.stevejobsclassmanaging.InfoActivity
ADDED from src/main/AndroidManifest.xml:15:9-59
	android:name
		ADDED from src/main/AndroidManifest.xml:15:19-47
activity#com.demo.stevejobsclassmanaging.GetAdminActivity
ADDED from src/main/AndroidManifest.xml:16:9-18:59
	android:theme
		ADDED from src/main/AndroidManifest.xml:18:13-56
	android:name
		ADDED from src/main/AndroidManifest.xml:17:13-45
activity#com.demo.stevejobsclassmanaging.GetStudentActivity
ADDED from src/main/AndroidManifest.xml:19:9-21:59
	android:theme
		ADDED from src/main/AndroidManifest.xml:21:13-56
	android:name
		ADDED from src/main/AndroidManifest.xml:20:13-47
activity#com.demo.stevejobsclassmanaging.GetCourseActivity
ADDED from src/main/AndroidManifest.xml:22:9-24:59
	android:theme
		ADDED from src/main/AndroidManifest.xml:24:13-56
	android:name
		ADDED from src/main/AndroidManifest.xml:23:13-46
activity#com.demo.stevejobsclassmanaging.activities.DeleteSubjectsActivity
ADDED from src/main/AndroidManifest.xml:25:9-71
	android:name
		ADDED from src/main/AndroidManifest.xml:25:19-68
activity#com.demo.stevejobsclassmanaging.PostSubjectsActivity
ADDED from src/main/AndroidManifest.xml:26:9-28:59
	android:theme
		ADDED from src/main/AndroidManifest.xml:28:13-56
	android:name
		ADDED from src/main/AndroidManifest.xml:27:13-49
activity#com.demo.stevejobsclassmanaging.PostCourseActivity
ADDED from src/main/AndroidManifest.xml:29:9-31:59
	android:theme
		ADDED from src/main/AndroidManifest.xml:31:13-56
	android:name
		ADDED from src/main/AndroidManifest.xml:30:13-47
activity#com.demo.stevejobsclassmanaging.GetSubjectActivity
ADDED from src/main/AndroidManifest.xml:32:9-34:59
	android:theme
		ADDED from src/main/AndroidManifest.xml:34:13-56
	android:name
		ADDED from src/main/AndroidManifest.xml:33:13-47
activity#com.demo.stevejobsclassmanaging.activities.UserDetailActivity
ADDED from src/main/AndroidManifest.xml:35:9-67
	android:name
		ADDED from src/main/AndroidManifest.xml:35:19-64
activity#com.demo.stevejobsclassmanaging.GetUsersActivity
ADDED from src/main/AndroidManifest.xml:36:9-38:59
	android:theme
		ADDED from src/main/AndroidManifest.xml:38:13-56
	android:name
		ADDED from src/main/AndroidManifest.xml:37:13-45
activity#com.demo.stevejobsclassmanaging.GetTeacherActivity
ADDED from src/main/AndroidManifest.xml:39:9-41:59
	android:theme
		ADDED from src/main/AndroidManifest.xml:41:13-56
	android:name
		ADDED from src/main/AndroidManifest.xml:40:13-47
activity#com.demo.stevejobsclassmanaging.SignUpActivity
ADDED from src/main/AndroidManifest.xml:42:9-52
	android:name
		ADDED from src/main/AndroidManifest.xml:42:19-49
activity#com.demo.stevejobsclassmanaging.PostUserActivity
ADDED from src/main/AndroidManifest.xml:43:9-45:59
	android:theme
		ADDED from src/main/AndroidManifest.xml:45:13-56
	android:name
		ADDED from src/main/AndroidManifest.xml:44:13-45
activity#com.demo.stevejobsclassmanaging.HomeActivity
ADDED from src/main/AndroidManifest.xml:46:9-48:58
	android:theme
		ADDED from src/main/AndroidManifest.xml:48:13-56
	android:name
		ADDED from src/main/AndroidManifest.xml:47:13-41
activity#com.demo.stevejobsclassmanaging.Login
ADDED from src/main/AndroidManifest.xml:49:9-55:20
	android:name
		ADDED from src/main/AndroidManifest.xml:49:19-40
intent-filter#action:name:android.intent.action.MAIN+category:name:android.intent.category.LAUNCHER
ADDED from src/main/AndroidManifest.xml:50:13-54:29
action#android.intent.action.MAIN
ADDED from src/main/AndroidManifest.xml:51:17-69
	android:name
		ADDED from src/main/AndroidManifest.xml:51:25-66
category#android.intent.category.LAUNCHER
ADDED from src/main/AndroidManifest.xml:53:17-77
	android:name
		ADDED from src/main/AndroidManifest.xml:53:27-74
uses-sdk
INJECTED from src/main/AndroidManifest.xml reason: use-sdk injection requested
INJECTED from src/main/AndroidManifest.xml
INJECTED from src/main/AndroidManifest.xml
MERGED from [com.android.support:design:28.0.0] AndroidManifest.xml:20:5-44
MERGED from [com.android.support:design:28.0.0] AndroidManifest.xml:20:5-44
MERGED from [com.android.support:appcompat-v7:28.0.0] AndroidManifest.xml:20:5-44
MERGED from [com.android.support:appcompat-v7:28.0.0] AndroidManifest.xml:20:5-44
MERGED from [com.android.support.constraint:constraint-layout:1.1.3] AndroidManifest.xml:5:5-7:41
MERGED from [com.android.support.constraint:constraint-layout:1.1.3] AndroidManifest.xml:5:5-7:41
MERGED from [com.github.bumptech.glide:glide:4.9.0] AndroidManifest.xml:6:5-8:41
MERGED from [com.github.bumptech.glide:glide:4.9.0] AndroidManifest.xml:6:5-8:41
MERGED from [com.android.support:cardview-v7:28.0.0] AndroidManifest.xml:20:5-44
MERGED from [com.android.support:cardview-v7:28.0.0] AndroidManifest.xml:20:5-44
MERGED from [com.android.support:recyclerview-v7:28.0.0] AndroidManifest.xml:20:5-44
MERGED from [com.android.support:recyclerview-v7:28.0.0] AndroidManifest.xml:20:5-44
MERGED from [com.android.support:support-v4:28.0.0] AndroidManifest.xml:20:5-44
MERGED from [com.android.support:support-v4:28.0.0] AndroidManifest.xml:20:5-44
MERGED from [com.android.support:support-fragment:28.0.0] AndroidManifest.xml:20:5-44
MERGED from [com.android.support:support-fragment:28.0.0] AndroidManifest.xml:20:5-44
MERGED from [com.android.support:animated-vector-drawable:28.0.0] AndroidManifest.xml:20:5-44
MERGED from [com.android.support:animated-vector-drawable:28.0.0] AndroidManifest.xml:20:5-44
MERGED from [com.android.support:support-core-ui:28.0.0] AndroidManifest.xml:20:5-44
MERGED from [com.android.support:support-core-ui:28.0.0] AndroidManifest.xml:20:5-44
MERGED from [com.android.support:support-core-utils:28.0.0] AndroidManifest.xml:20:5-44
MERGED from [com.android.support:support-core-utils:28.0.0] AndroidManifest.xml:20:5-44
MERGED from [com.android.support:support-vector-drawable:28.0.0] AndroidManifest.xml:20:5-44
MERGED from [com.android.support:support-vector-drawable:28.0.0] AndroidManifest.xml:20:5-44
MERGED from [com.android.support:transition:28.0.0] AndroidManifest.xml:20:5-44
MERGED from [com.android.support:transition:28.0.0] AndroidManifest.xml:20:5-44
MERGED from [com.android.support:support-media-compat:28.0.0] AndroidManifest.xml:20:5-44
MERGED from [com.android.support:support-media-compat:28.0.0] AndroidManifest.xml:20:5-44
MERGED from [com.android.support:loader:28.0.0] AndroidManifest.xml:20:5-44
MERGED from [com.android.support:loader:28.0.0] AndroidManifest.xml:20:5-44
MERGED from [com.android.support:viewpager:28.0.0] AndroidManifest.xml:20:5-44
MERGED from [com.android.support:viewpager:28.0.0] AndroidManifest.xml:20:5-44
MERGED from [com.android.support:coordinatorlayout:28.0.0] AndroidManifest.xml:20:5-44
MERGED from [com.android.support:coordinatorlayout:28.0.0] AndroidManifest.xml:20:5-44
MERGED from [com.android.support:drawerlayout:28.0.0] AndroidManifest.xml:20:5-44
MERGED from [com.android.support:drawerlayout:28.0.0] AndroidManifest.xml:20:5-44
MERGED from [com.android.support:slidingpanelayout:28.0.0] AndroidManifest.xml:20:5-44
MERGED from [com.android.support:slidingpanelayout:28.0.0] AndroidManifest.xml:20:5-44
MERGED from [com.android.support:customview:28.0.0] AndroidManifest.xml:20:5-44
MERGED from [com.android.support:customview:28.0.0] AndroidManifest.xml:20:5-44
MERGED from [com.android.support:swiperefreshlayout:28.0.0] AndroidManifest.xml:20:5-44
MERGED from [com.android.support:swiperefreshlayout:28.0.0] AndroidManifest.xml:20:5-44
MERGED from [com.android.support:asynclayoutinflater:28.0.0] AndroidManifest.xml:20:5-44
MERGED from [com.android.support:asynclayoutinflater:28.0.0] AndroidManifest.xml:20:5-44
MERGED from [com.android.support:support-compat:28.0.0] AndroidManifest.xml:20:5-44
MERGED from [com.android.support:support-compat:28.0.0] AndroidManifest.xml:20:5-44
MERGED from [com.android.support:versionedparcelable:28.0.0] AndroidManifest.xml:20:5-44
MERGED from [com.android.support:versionedparcelable:28.0.0] AndroidManifest.xml:20:5-44
MERGED from [com.android.support:cursoradapter:28.0.0] AndroidManifest.xml:20:5-44
MERGED from [com.android.support:cursoradapter:28.0.0] AndroidManifest.xml:20:5-44
MERGED from [com.github.bumptech.glide:gifdecoder:4.9.0] AndroidManifest.xml:5:5-7:41
MERGED from [com.github.bumptech.glide:gifdecoder:4.9.0] AndroidManifest.xml:5:5-7:41
MERGED from [android.arch.lifecycle:runtime:1.1.1] AndroidManifest.xml:20:5-44
MERGED from [android.arch.lifecycle:runtime:1.1.1] AndroidManifest.xml:20:5-44
MERGED from [com.android.support:documentfile:28.0.0] AndroidManifest.xml:20:5-44
MERGED from [com.android.support:documentfile:28.0.0] AndroidManifest.xml:20:5-44
MERGED from [com.android.support:localbroadcastmanager:28.0.0] AndroidManifest.xml:20:5-44
MERGED from [com.android.support:localbroadcastmanager:28.0.0] AndroidManifest.xml:20:5-44
MERGED from [com.android.support:print:28.0.0] AndroidManifest.xml:20:5-44
MERGED from [com.android.support:print:28.0.0] AndroidManifest.xml:20:5-44
MERGED from [android.arch.lifecycle:viewmodel:1.1.1] AndroidManifest.xml:20:5-44
MERGED from [android.arch.lifecycle:viewmodel:1.1.1] AndroidManifest.xml:20:5-44
MERGED from [com.android.support:interpolator:28.0.0] AndroidManifest.xml:20:5-44
MERGED from [com.android.support:interpolator:28.0.0] AndroidManifest.xml:20:5-44
MERGED from [android.arch.lifecycle:livedata:1.1.1] AndroidManifest.xml:20:5-44
MERGED from [android.arch.lifecycle:livedata:1.1.1] AndroidManifest.xml:20:5-44
MERGED from [android.arch.lifecycle:livedata-core:1.1.1] AndroidManifest.xml:20:5-44
MERGED from [android.arch.lifecycle:livedata-core:1.1.1] AndroidManifest.xml:20:5-44
MERGED from [android.arch.core:runtime:1.1.1] AndroidManifest.xml:20:5-44
MERGED from [android.arch.core:runtime:1.1.1] AndroidManifest.xml:20:5-44
INJECTED from src/main/AndroidManifest.xml
INJECTED from src/main/AndroidManifest.xml
	android:targetSdkVersion
		INJECTED from src/main/AndroidManifest.xml
		ADDED from src/main/AndroidManifest.xml
		INJECTED from src/main/AndroidManifest.xml
	android:minSdkVersion
		INJECTED from src/main/AndroidManifest.xml
		ADDED from src/main/AndroidManifest.xml
		INJECTED from src/main/AndroidManifest.xml